<?xml version="1.0" encoding="UTF-8"?>
<!-- Generated by org.testng.reporters.JUnitReportReporter -->
<testsuite hostname="MSI" name="cucumberclasses.NGCucumberRunner" tests="2" failures="0" timestamp="9 Oct 2018 14:53:15 GMT" time="20.681" errors="0">
  <testcase name="feature" time="10.211" classname="cucumberclasses.NGCucumberRunner"/>
  <testcase name="feature" time="10.470" classname="cucumberclasses.NGCucumberRunner"/>
</testsuite> <!-- cucumberclasses.NGCucumberRunner -->
