<?xml version="1.0" encoding="UTF-8"?>
<!-- Generated by org.testng.reporters.JUnitReportReporter -->
<testsuite hostname="MSI" name="cucumberclasses.NGCucumberRunner" tests="2" failures="0" timestamp="5 Oct 2018 23:14:21 GMT" time="17.488" errors="0">
  <testcase name="feature" time="8.042" classname="cucumberclasses.NGCucumberRunner"/>
  <testcase name="feature" time="9.446" classname="cucumberclasses.NGCucumberRunner"/>
</testsuite> <!-- cucumberclasses.NGCucumberRunner -->
